Resolving dependencies...
Downloading packages...
  _fe_analyzer_shared 85.0.0 (92.0.0 available)
  analyzer 7.6.0 (9.0.0 available)
  analyzer_plugin 0.13.4 (0.13.11 available)
  build 2.5.4 (4.0.3 available)
  build_config 1.1.2 (1.2.0 available)
  build_resolvers 2.5.4 (3.0.4 available)
  build_runner 2.5.4 (2.10.4 available)
  build_runner_core 9.1.2 (9.3.2 available)
  characters 1.4.0 (1.4.1 available)
  custom_lint_core 0.7.5 (0.8.1 available)
  custom_lint_visitor 1.0.0+7.7.0 (1.0.0+8.4.0 available)
  dart_style 3.1.1 (3.1.3 available)
  drift 2.28.2 (2.30.0 available)
  drift_dev 2.28.0 (2.30.0 available)
  flutter_local_notifications 18.0.1 (19.5.0 available)
  flutter_local_notifications_linux 5.0.0 (6.0.0 available)
  flutter_local_notifications_platform_interface 8.0.0 (9.1.0 available)
  flutter_riverpod 2.6.1 (3.0.3 available)
! intl 0.19.0 (overridden) (0.20.2 available)
  matcher 0.12.17 (0.12.18 available)
  material_color_utilities 0.11.1 (0.13.0 available)
  riverpod 2.6.1 (3.0.3 available)
  riverpod_annotation 2.6.1 (3.0.3 available)
! riverpod_generator 2.6.5 (overridden) (3.0.3 available)
  source_gen 2.0.0 (4.1.1 available)
  sqlite3 2.9.4 (3.1.1 available)
  sqlparser 0.41.2 (0.42.1 available)
  test_api 0.7.7 (0.7.8 available)
  timezone 0.9.4 (0.10.1 available)
Got dependencies!
29 packages have newer versions incompatible with dependency constraints.
Try `flutter pub outdated` for more information.
Running Gradle task 'assembleDebug'...                          
flutter : 
위치 줄:1 문자:1
+ flutter build apk --debug 2>&1 | Out-File -FilePath "android_bui
ld_lo ...
+ ~~~~~~~~~~~~~~~~~~~~~~~~~~~~~~
    + CategoryInfo          : NotSpecified: (:String) [], RemoteE 
   xception
    + FullyQualifiedErrorId : NativeCommandError
 
FAILURE: Build failed with an exception.

* What went wrong:
Execution failed for task ':app:checkDebugAarMetadata'.
> A failure occurred while executing com.android.build.gradle.inte
rnal.tasks.CheckAarMetadataWorkAction
   > An issue was found when checking AAR metadata:

       1.  Dependency ':flutter_local_notifications' requires core
 library desugaring to be enabled
           for :app.

           See https://developer.android.com/studio/write/java8-su
pport.html for more
           details.

* Try:
> Run with --stacktrace option to get the stack trace.
> Run with --info or --debug option to get more log output.
> Run with --scan to get full insights.
> Get more help at https://help.gradle.org.

BUILD FAILED in 20s
Running Gradle task 'assembleDebug'...                             20.8s
Gradle task assembleDebug failed with exit code 1
